<?xml version="1.0" encoding="utf-8"?><testsuites name="pytest tests"><testsuite name="pytest" errors="0" failures="2" skipped="0" tests="34" time="3.808" timestamp="2026-05-19T08:49:39.442159+00:00" hostname="agent-env-f63251a7-10ae-4c3d-98c2-dd2ffac23dbb"><testcase classname="backend.tests.test_admin_api.TestPublicLeads" name="test_invalid_email_returns_422" time="0.145" /><testcase classname="backend.tests.test_admin_api.TestPublicLeads" name="test_missing_email_returns_422" time="0.042" /><testcase classname="backend.tests.test_admin_api.TestPublicLeads" name="test_valid_lead_persists_with_defaults" time="0.047" /><testcase classname="backend.tests.test_admin_api.TestAdminAuth" name="test_login_wrong_password" time="0.269" /><testcase classname="backend.tests.test_admin_api.TestAdminAuth" name="test_login_success" time="0.267" /><testcase classname="backend.tests.test_admin_api.TestAdminAuth" name="test_me_without_auth" time="0.044" /><testcase classname="backend.tests.test_admin_api.TestAdminAuth" name="test_me_with_auth" time="0.042" /><testcase classname="backend.tests.test_admin_api.TestAdminLeads" name="test_list_leads" time="0.087" /><testcase classname="backend.tests.test_admin_api.TestAdminLeads" name="test_list_leads_filter_by_type" time="0.046" /><testcase classname="backend.tests.test_admin_api.TestAdminLeads" name="test_list_leads_filter_by_status_new" time="0.046" /><testcase classname="backend.tests.test_admin_api.TestAdminLeads" name="test_list_leads_search_q" time="0.050" /><testcase classname="backend.tests.test_admin_api.TestAdminLeads" name="test_stats_endpoint" time="0.044" /><testcase classname="backend.tests.test_admin_api.TestAdminLeads" name="test_tags_endpoint" time="0.043" /><testcase classname="backend.tests.test_admin_api.TestAdminLeads" name="test_patch_status_contacted_sets_contacted_at" time="0.093" /><testcase classname="backend.tests.test_admin_api.TestAdminLeads" name="test_patch_tags_allowlist_filters_unknown" time="0.043" /><testcase classname="backend.tests.test_admin_api.TestAdminLeads" name="test_patch_admin_notes" time="0.049" /><testcase classname="backend.tests.test_admin_api.TestAdminLeads" name="test_export_csv_headers" time="0.045" /><testcase classname="backend.tests.test_admin_api.TestAdminLeads" name="test_delete_lead" time="0.166" /><testcase classname="backend.tests.test_admin_api.TestSEO" name="test_robots_txt" time="0.106" /><testcase classname="backend.tests.test_admin_api.TestSEO" name="test_sitemap_xml" time="0.118" /><testcase classname="backend.tests.test_iter3_api.TestSiteSettings" name="test_public_settings_returns_full_defaults" time="0.098" /><testcase classname="backend.tests.test_iter3_api.TestSiteSettings" name="test_admin_partial_put_preserves_other_keys" time="0.421" /><testcase classname="backend.tests.test_iter3_api.TestSiteSettings" name="test_admin_put_invalid_keys_returns_400" time="0.053" /><testcase classname="backend.tests.test_iter3_api.TestCampaignsPublic" name="test_public_list_visible_sorted" time="0.056" /><testcase classname="backend.tests.test_iter3_api.TestCampaignsAdmin" name="test_admin_list_includes_hidden" time="0.048" /><testcase classname="backend.tests.test_iter3_api.TestCampaignsAdmin" name="test_categories_endpoint" time="0.047" /><testcase classname="backend.tests.test_iter3_api.TestCampaignsAdmin" name="test_create_invalid_category_returns_400" time="0.045" /><testcase classname="backend.tests.test_iter3_api.TestCampaignsAdmin" name="test_create_update_delete_campaign" time="0.278" /><testcase classname="backend.tests.test_leads_api.TestRoot" name="test_root_welcome" time="0.141" /><testcase classname="backend.tests.test_leads_api.TestLeadsCreate" name="test_create_collaboration_lead" time="0.171" /><testcase classname="backend.tests.test_leads_api.TestLeadsCreate" name="test_create_media_kit_lead" time="0.101" /><testcase classname="backend.tests.test_leads_api.TestLeadsCreate" name="test_create_lead_missing_email_returns_422" time="0.134" /><testcase classname="backend.tests.test_leads_api.TestLeadsList" name="test_list_leads_returns_array" time="0.140"><failure message="assert 405 == 200&#10; +  where 405 = &lt;Response [405]&gt;.status_code">backend/tests/test_leads_api.py:81: in test_list_leads_returns_array
    assert r.status_code == 200
E   assert 405 == 200
E    +  where 405 = &lt;Response [405]&gt;.status_code</failure></testcase><testcase classname="backend.tests.test_leads_api.TestLeadsList" name="test_list_leads_persisted_and_sorted_desc" time="0.178"><failure message="assert 405 == 200&#10; +  where 405 = &lt;Response [405]&gt;.status_code">backend/tests/test_leads_api.py:98: in test_list_leads_persisted_and_sorted_desc
    assert r.status_code == 200
E   assert 405 == 200
E    +  where 405 = &lt;Response [405]&gt;.status_code</failure></testcase></testsuite></testsuites>