<?xml version="1.0" encoding="utf-8"?><testsuites name="pytest tests"><testsuite name="pytest" errors="0" failures="0" skipped="0" tests="20" time="2.768" timestamp="2026-05-18T21:31:48.070821+00:00" hostname="agent-env-f63251a7-10ae-4c3d-98c2-dd2ffac23dbb"><testcase classname="backend.tests.test_admin_api.TestPublicLeads" name="test_invalid_email_returns_422" time="0.266" /><testcase classname="backend.tests.test_admin_api.TestPublicLeads" name="test_missing_email_returns_422" time="0.081" /><testcase classname="backend.tests.test_admin_api.TestPublicLeads" name="test_valid_lead_persists_with_defaults" time="0.064" /><testcase classname="backend.tests.test_admin_api.TestAdminAuth" name="test_login_wrong_password" time="0.296" /><testcase classname="backend.tests.test_admin_api.TestAdminAuth" name="test_login_success" time="0.293" /><testcase classname="backend.tests.test_admin_api.TestAdminAuth" name="test_me_without_auth" time="0.070" /><testcase classname="backend.tests.test_admin_api.TestAdminAuth" name="test_me_with_auth" time="0.061" /><testcase classname="backend.tests.test_admin_api.TestAdminLeads" name="test_list_leads" time="0.159" /><testcase classname="backend.tests.test_admin_api.TestAdminLeads" name="test_list_leads_filter_by_type" time="0.071" /><testcase classname="backend.tests.test_admin_api.TestAdminLeads" name="test_list_leads_filter_by_status_new" time="0.062" /><testcase classname="backend.tests.test_admin_api.TestAdminLeads" name="test_list_leads_search_q" time="0.070" /><testcase classname="backend.tests.test_admin_api.TestAdminLeads" name="test_stats_endpoint" time="0.070" /><testcase classname="backend.tests.test_admin_api.TestAdminLeads" name="test_tags_endpoint" time="0.071" /><testcase classname="backend.tests.test_admin_api.TestAdminLeads" name="test_patch_status_contacted_sets_contacted_at" time="0.132" /><testcase classname="backend.tests.test_admin_api.TestAdminLeads" name="test_patch_tags_allowlist_filters_unknown" time="0.078" /><testcase classname="backend.tests.test_admin_api.TestAdminLeads" name="test_patch_admin_notes" time="0.070" /><testcase classname="backend.tests.test_admin_api.TestAdminLeads" name="test_export_csv_headers" time="0.063" /><testcase classname="backend.tests.test_admin_api.TestAdminLeads" name="test_delete_lead" time="0.233" /><testcase classname="backend.tests.test_admin_api.TestSEO" name="test_robots_txt" time="0.261" /><testcase classname="backend.tests.test_admin_api.TestSEO" name="test_sitemap_xml" time="0.195" /></testsuite></testsuites>