<?xml version="1.0" encoding="utf-8"?><testsuites name="pytest tests"><testsuite name="pytest" errors="0" failures="0" skipped="0" tests="8" time="1.311" timestamp="2026-05-19T08:49:32.246047+00:00" hostname="agent-env-f63251a7-10ae-4c3d-98c2-dd2ffac23dbb"><testcase classname="backend.tests.test_iter3_api.TestSiteSettings" name="test_public_settings_returns_full_defaults" time="0.239" /><testcase classname="backend.tests.test_iter3_api.TestSiteSettings" name="test_admin_partial_put_preserves_other_keys" time="0.417" /><testcase classname="backend.tests.test_iter3_api.TestSiteSettings" name="test_admin_put_invalid_keys_returns_400" time="0.065" /><testcase classname="backend.tests.test_iter3_api.TestCampaignsPublic" name="test_public_list_visible_sorted" time="0.046" /><testcase classname="backend.tests.test_iter3_api.TestCampaignsAdmin" name="test_admin_list_includes_hidden" time="0.104" /><testcase classname="backend.tests.test_iter3_api.TestCampaignsAdmin" name="test_categories_endpoint" time="0.048" /><testcase classname="backend.tests.test_iter3_api.TestCampaignsAdmin" name="test_create_invalid_category_returns_400" time="0.047" /><testcase classname="backend.tests.test_iter3_api.TestCampaignsAdmin" name="test_create_update_delete_campaign" time="0.282" /></testsuite></testsuites>