<?xml version="1.0" encoding="utf-8"?><testsuites name="pytest tests"><testsuite name="pytest" errors="0" failures="0" skipped="0" tests="6" time="1.373" timestamp="2026-05-18T21:12:53.143162+00:00" hostname="agent-env-f63251a7-10ae-4c3d-98c2-dd2ffac23dbb"><testcase classname="backend.tests.test_leads_api.TestRoot" name="test_root_welcome" time="0.313" /><testcase classname="backend.tests.test_leads_api.TestLeadsCreate" name="test_create_collaboration_lead" time="0.132" /><testcase classname="backend.tests.test_leads_api.TestLeadsCreate" name="test_create_media_kit_lead" time="0.209" /><testcase classname="backend.tests.test_leads_api.TestLeadsCreate" name="test_create_lead_missing_email_returns_422" time="0.154" /><testcase classname="backend.tests.test_leads_api.TestLeadsList" name="test_list_leads_returns_array" time="0.217" /><testcase classname="backend.tests.test_leads_api.TestLeadsList" name="test_list_leads_persisted_and_sorted_desc" time="0.226" /></testsuite></testsuites>